
Ox 9.06 (Windows_64/Parallel) (C) J.A. Doornik, 1994-2022 (oxlang.dev)
CATS package version 3.03, object created on 31-07-2024

---- CATS 3.03 session started at 14:21:36 on 31-07-2024 ----

---------------------------- CATS( 1): I(1) VECM
The dataset is:              D:\Dropbox\Aplicativos\Overleaf\RER-MS\data_brazil.in7
The estimation sample is:    1996(2) - 2024(3)
The dependent variables are: LRER LBS LTOT CA
Other restricted variables:  Constant
Unrestricted variables:      CSeason CSeason_1 CSeason_2 CSeason_3 CSeason_4 CSeason_5 CSeason_6 CSeason_7 CSeason_8 CSeason_9 CSeason_10
Deterministic specification: Restricted Constant (H_c, CATS::CIMEAN)


UNRESTRICTED I(1) ESTIMATES:
	X_t  = A_1 X_{t-1} + ... + A_k X_{t-k} + rest + epsilon_t, epsilon_t ~ N(0,Omega),
	DX_t = Pi X_{t-1} + Gamma_1 DX_{t-1} + ... + Gamma_{k-1} DX_{t-k+1} + rest + epsilon_t.
	VAR model: Pi = alpha beta' where Pi is unrestricted.

beta', the normalized cointegrating vectors:
                 LRER_1       LBS_1      LTOT_1        CA_1    Constant
     CVec(1)      0.764           1       -1.09     -0.0199       -2.68 
     CVec(2)       61.8         -11        52.4           1        -461 
     CVec(3)          1       0.884      -0.297       0.166       -6.49 
     CVec(4)     -0.556      -0.339           1     -0.0159      -0.825 

alpha, the loadings on the cointegrating vectors:
             alpha[][0]  alpha[][1]  alpha[][2]  alpha[][3]
       DLRER    -0.0321    -0.00023      0.0264     0.00263 
                {  -0.7}    {  -1.6}    {   3.4}    {   0.2}
        DLBS    -0.0305   -9.52e-06    -0.00359    -0.00542 
                {  -2.8}    {  -0.3}    {  -2.0}    {  -1.6}
       DLTOT     0.0737   -5.15e-05     0.00344     -0.0177 
                {   2.7}    {  -0.6}    {   0.8}    {  -2.1}
         DCA       2.44     -0.0184      -0.283       0.226 
   {t-value}    {   1.5}    {  -3.8}    {  -1.1}    {   0.5}

Pi = alpha beta', the long-run coefficients:
                 LRER_1       LBS_1      LTOT_1        CA_1    Constant
       DLRER    -0.0138    -0.00706      0.0178     0.00475      0.0182 
                {  -0.3}    {  -0.1}    {   0.3}    {   2.9}    {   0.1}
        DLBS    -0.0244     -0.0317      0.0285    8.87e-05       0.114 
                {  -2.7}    {  -2.9}    {   2.3}    {   0.2}    {   3.3}
       DLTOT     0.0664      0.0833      -0.102   -0.000669      -0.182 
                {   3.0}    {   3.0}    {  -3.2}    {  -0.7}    {  -2.1}
         DCA       0.32        2.32       -3.33      -0.118        3.57 
   {t-value}    {   0.2}    {   1.4}    {  -1.8}    {  -2.2}    {   0.7}

Residual correlations and standard errors:
                   LRER         LBS        LTOT          CA
        LRER          1 
         LBS     -0.472           1 
        LTOT       0.13       0.156           1 
          CA     0.0246     -0.0361      0.0584           1 
        S.E.     0.0361     0.00804      0.0203        1.18 

log-likelihood     2153.74488  -log|Omega|        24.0955608
-T/2log|Omega|     4072.14978
SC                -8.33369825  AIC               -11.2292596
no. of observations       338  no. of parameters         256
no. of dependent vars, p    4  with lag length            13
rank of Pi=alpha*beta', r   4  columns in beta, p1         5
estimation:               RRR  Strong convergence
Constant/Trend:        CIMEAN  Seasonal dummies           11


I(1) ANALYSIS:
 p-r   r  Eigenvalue     Trace    Trace^    Crit5%     p-value    p-value^
   4   0      0.0788     65.17     58.26     53.94  [0.003]**   [0.019]*  
   3   1      0.0520     37.42     34.13     35.07  [0.027]*    [0.064]   
   2   2      0.0380     19.36     15.05     20.16  [0.065]     [0.228]   
   1   3      0.0184      6.27      6.17      9.14  [0.176]     [0.184]   
Trace^ and p-value^ incorporate the Bartlett small sample correction.

BOOTSTRAP OF THE TRACE TEST STATISTIC
Bootstrap sampling scheme  : Wild IIN[0,1]
Number of replications (B) : 399
Length of time series  (T) : 338
Starting from default seed : yes
Bootstrap time             : 4.79

Quantiles of the approximating Gamma distribution using bootstrapped means and variances:
 p-r   r    Mean    S.E. Reject%     50%     75%     80%     85%     90%     95%
   4   0  44.521   8.917    0.00   43.93   51.80   53.75   56.26   60.13   67.85
   3   1  25.539   6.291    0.00   25.02   30.63   32.03   33.86   36.69   42.40
   2   2  13.683   4.436    0.00   13.21   17.21   18.24   19.59   21.70   26.05
   1   3   4.249   2.619    0.01    3.72    6.16    6.84    7.76    9.26   12.55

I(1) ANALYSIS using the bootstrap:
 p-r   r  Eigenvalue     Trace    Crit5%   Crit*5%     p-value    p-value*
   4   0      0.0788     65.17     53.94     67.85  [0.003]**   [0.025]*  
   3   1      0.0520     37.42     35.07     42.40  [0.027]*    [0.050]   
   2   2      0.0380     19.36     20.16     26.05  [0.065]     [0.118]   
   1   3      0.0184      6.27      9.14     12.55  [0.176]     [0.183]   
Crit5% and p-value are the original values, Crit*5% and p-value* are based on the bootstrap

THE ROOTS OF THE COMPANION MATRIX:
  r=0 Re     Im   Mod  r=1 Re     Im   Mod  r=2 Re     Im   Mod  r=3 Re     Im   Mod  r=4 Re     Im   Mod
   1.000  0.000  1.00   1.000  0.000  1.00   1.000  0.000  1.00   1.000  0.000  1.00   0.991  0.000  0.99
   1.000  0.000  1.00   1.000  0.000  1.00   1.000  0.000  1.00   0.990 -0.032  0.99   0.989 -0.033  0.99
   1.000  0.000  1.00   1.000  0.000  1.00   0.976  0.000  0.98   0.990  0.032  0.99   0.989  0.033  0.99
   1.000  0.000  1.00  -0.967  0.000  0.97  -0.967  0.000  0.97  -0.967  0.000  0.97  -0.967  0.000  0.97
  -0.966  0.000  0.97   0.454  0.823  0.94   0.457  0.821  0.94   0.456  0.822  0.94   0.457 -0.822  0.94
   0.453  0.826  0.94   0.454 -0.823  0.94   0.457 -0.821  0.94   0.456 -0.822  0.94   0.457  0.822  0.94
   0.453 -0.826  0.94   0.912  0.138  0.92   0.923  0.134  0.93   0.928 -0.134  0.94   0.929 -0.139  0.94
  -0.786  0.458  0.91   0.912 -0.138  0.92   0.923 -0.134  0.93   0.928  0.134  0.94   0.929  0.139  0.94
  -0.786 -0.458  0.91  -0.790  0.459  0.91  -0.788 -0.461  0.91  -0.788 -0.462  0.91  -0.788  0.462  0.91
  -0.451  0.785  0.91  -0.790 -0.459  0.91  -0.788  0.461  0.91  -0.788  0.462  0.91  -0.788 -0.462  0.91
  -0.451 -0.785  0.91  -0.453  0.787  0.91  -0.450 -0.789  0.91  -0.449  0.788  0.91  -0.450 -0.788  0.91
  -0.869 -0.242  0.90  -0.453 -0.787  0.91  -0.450  0.789  0.91  -0.449 -0.788  0.91  -0.450  0.788  0.91
  -0.869  0.242  0.90   0.665  0.606  0.90  -0.868 -0.242  0.90  -0.868  0.243  0.90  -0.867 -0.243  0.90
   0.192 -0.881  0.90   0.665 -0.606  0.90  -0.868  0.242  0.90  -0.868 -0.243  0.90  -0.867  0.243  0.90
   0.192  0.881  0.90   0.193 -0.879  0.90   0.191 -0.877  0.90   0.194  0.877  0.90   0.195  0.877  0.90
   0.657  0.605  0.89   0.193  0.879  0.90   0.191  0.877  0.90   0.194 -0.877  0.90   0.195 -0.877  0.90
   0.657 -0.605  0.89  -0.866 -0.242  0.90   0.662 -0.601  0.89   0.661  0.605  0.90   0.662 -0.606  0.90
   0.742  0.487  0.89  -0.866  0.242  0.90   0.662  0.601  0.89   0.661 -0.605  0.90   0.662  0.606  0.90
   0.742 -0.487  0.89   0.745 -0.481  0.89   0.765  0.453  0.89  -0.507  0.718  0.88  -0.506 -0.718  0.88
   0.864 -0.187  0.88   0.745  0.481  0.89   0.765 -0.453  0.89  -0.507 -0.718  0.88  -0.506  0.718  0.88
   0.864  0.187  0.88  -0.051 -0.882  0.88  -0.505  0.718  0.88  -0.050  0.874  0.88  -0.049 -0.874  0.88
  -0.044 -0.881  0.88  -0.051  0.882  0.88  -0.505 -0.718  0.88  -0.050 -0.874  0.88  -0.049  0.874  0.88
  -0.044  0.881  0.88  -0.505 -0.718  0.88  -0.196 -0.853  0.88  -0.196  0.853  0.87  -0.195  0.852  0.87
  -0.504 -0.720  0.88  -0.505  0.718  0.88  -0.196  0.853  0.88  -0.196 -0.853  0.87  -0.195 -0.852  0.87
  -0.504  0.720  0.88  -0.191 -0.853  0.87  -0.050 -0.873  0.87   0.821 -0.288  0.87   0.822  0.284  0.87
  -0.194 -0.848  0.87  -0.191  0.853  0.87  -0.050  0.873  0.87   0.821  0.288  0.87   0.822 -0.284  0.87
  -0.194  0.848  0.87   0.341 -0.789  0.86  -0.688  0.509  0.86   0.747 -0.438  0.87   0.721 -0.469  0.86
   0.759 -0.408  0.86   0.341  0.789  0.86  -0.688 -0.509  0.86   0.747  0.438  0.87   0.721  0.469  0.86
   0.759  0.408  0.86  -0.688  0.508  0.86  -0.583 -0.618  0.85  -0.683  0.512  0.85   0.740 -0.428  0.86
  -0.689 -0.508  0.86  -0.688 -0.508  0.86  -0.583  0.618  0.85  -0.683 -0.512  0.85   0.740  0.428  0.86
  -0.689  0.508  0.86  -0.337  0.781  0.85  -0.338 -0.779  0.85  -0.334 -0.783  0.85  -0.683  0.513  0.85
  -0.330 -0.786  0.85  -0.337 -0.781  0.85  -0.338  0.779  0.85  -0.334  0.783  0.85  -0.683 -0.513  0.85
  -0.330  0.786  0.85  -0.578 -0.615  0.84   0.789 -0.302  0.84   0.330  0.783  0.85  -0.334  0.783  0.85
   0.803 -0.269  0.85  -0.578  0.615  0.84   0.789  0.302  0.84   0.330 -0.783  0.85  -0.334 -0.783  0.85
   0.803  0.269  0.85   0.796  0.274  0.84   0.334  0.774  0.84   0.707  0.469  0.85   0.332  0.782  0.85
  -0.582 -0.614  0.85   0.796 -0.274  0.84   0.334 -0.774  0.84   0.707 -0.469  0.85   0.332 -0.782  0.85
  -0.582  0.614  0.85  -0.802 -0.191  0.82  -0.808 -0.194  0.83  -0.582  0.617  0.85  -0.582  0.617  0.85
   0.838  0.000  0.84  -0.802  0.191  0.82  -0.808  0.194  0.83  -0.582 -0.617  0.85  -0.582 -0.617  0.85
   0.329  0.766  0.83   0.700 -0.419  0.82   0.677 -0.462  0.82  -0.809 -0.193  0.83  -0.808 -0.194  0.83
   0.329 -0.766  0.83   0.700  0.419  0.82   0.677  0.462  0.82  -0.809  0.193  0.83  -0.808  0.194  0.83
  -0.800  0.188  0.82  -0.808  0.000  0.81  -0.810  0.000  0.81  -0.800  0.000  0.80  -0.800  0.000  0.80
  -0.800 -0.188  0.82   0.797  0.000  0.80   0.807  0.000  0.81   0.760 -0.214  0.79  -0.016 -0.783  0.78
   0.389  0.708  0.81   0.385 -0.692  0.79  -0.013  0.793  0.79   0.760  0.214  0.79  -0.016  0.783  0.78
   0.389 -0.708  0.81   0.385  0.692  0.79  -0.013 -0.793  0.79  -0.015  0.781  0.78   0.370 -0.677  0.77
  -0.806  0.000  0.81  -0.002  0.783  0.78   0.358 -0.707  0.79  -0.015 -0.781  0.78   0.370  0.677  0.77
  -0.009  0.777  0.78  -0.002 -0.783  0.78   0.358  0.707  0.79   0.381  0.675  0.78   0.720  0.206  0.75
  -0.009 -0.777  0.78   0.741 -0.197  0.77   0.750 -0.209  0.78   0.381 -0.675  0.78   0.720 -0.206  0.75
   0.454 -0.361  0.58   0.741  0.197  0.77   0.750  0.209  0.78   0.158 -0.494  0.52   0.501 -0.160  0.53
   0.454  0.361  0.58   0.296  0.257  0.39   0.322  0.393  0.51   0.158  0.494  0.52   0.501  0.160  0.53
  -0.059  0.388  0.39   0.296 -0.257  0.39   0.322 -0.393  0.51   0.485  0.165  0.51   0.180 -0.476  0.51
  -0.059 -0.388  0.39  -0.060 -0.382  0.39  -0.056 -0.312  0.32   0.485 -0.165  0.51   0.180  0.476  0.51
   0.198  0.000  0.20  -0.060  0.382  0.39  -0.056  0.312  0.32  -0.170  0.000  0.17  -0.182  0.000  0.18

---------------------------- CATS( 2): I(1) VECM
The dataset is:              D:\Dropbox\Aplicativos\Overleaf\RER-MS\data_brazil.in7
The estimation sample is:    1996(2) - 2024(3)
The dependent variables are: LRER LBS LTOT CA
Other restricted variables:  Constant
Unrestricted variables:      CSeason CSeason_1 CSeason_2 CSeason_3 CSeason_4 CSeason_5 CSeason_6 CSeason_7 CSeason_8 CSeason_9 CSeason_10
Deterministic specification: Restricted Constant (H_c, CATS::CIMEAN)


I(1) ESTIMATES FOR RANK 2:
	Z0_t = Pi Z1_t + Phi Z2_t + rest* + epsilon_t, epsilon_t ~ N(0,Omega),
	Z0_t = DX_t, Z1_t = X_{t-1} | W_t | D^r_{t-1}, Z2_t = differences | D^u_{t-1}.
	Cointegrated I(1) model: Pi = alpha beta' with rank r < p, alpha is (p x r), beta is (p_1 x r).

beta', the normalized cointegrating vectors:
                 LRER_1       LBS_1      LTOT_1        CA_1    Constant
     CVec(1)      0.764           1       -1.09     -0.0199       -2.68 
     CVec(2)       61.8         -11        52.4           1        -461 

alpha, the loadings on the cointegrating vectors:
             alpha[][0]  alpha[][1]
       DLRER    -0.0321    -0.00023 
                {  -0.6}    {  -1.5}
        DLBS    -0.0305   -9.52e-06 
                {  -2.8}    {  -0.3}
       DLTOT     0.0737   -5.15e-05 
                {   2.7}    {  -0.6}
         DCA       2.44     -0.0184 
   {t-value}    {   1.5}    {  -3.8}

Pi = alpha beta', the long-run coefficients:
                 LRER_1       LBS_1      LTOT_1        CA_1    Constant
       DLRER    -0.0387     -0.0296      0.0231     0.00041       0.192 
                {  -1.0}    {  -0.6}    {   0.4}    {   0.4}    {   1.3}
        DLBS    -0.0239     -0.0303      0.0328    0.000598      0.0861 
                {  -2.8}    {  -2.8}    {   2.7}    {   2.7}    {   2.6}
       DLTOT     0.0531      0.0742     -0.0833    -0.00152      -0.174 
                {   2.5}    {   2.7}    {  -2.7}    {  -2.7}    {  -2.1}
         DCA      0.728        2.64       -3.64     -0.0671        1.92 
   {t-value}    {   0.6}    {   1.7}    {  -2.1}    {  -2.1}    {   0.4}

Residual correlations and standard errors:
                   LRER         LBS        LTOT          CA
        LRER          1 
         LBS      -0.48           1 
        LTOT      0.133       0.158           1 
          CA     0.0137     -0.0313      0.0526           1 
        S.E.     0.0367     0.00812      0.0204        1.18 

log-likelihood     2144.06406  -log|Omega|        24.0382778
-T/2log|Omega|     4062.46896
SC                -8.37978297  AIC               -11.2074796
no. of observations       338  no. of parameters         250
no. of dependent vars, p    4  with lag length            13
rank of Pi=alpha*beta', r   2  columns in beta, p1         5
estimation:               RRR  Strong convergence
Constant/Trend:        CIMEAN  Seasonal dummies           11


Specified restrictions:
	[beta]
	1 1 * 0 *
	0 0 0 1 *
	[alpha]
>>amRes{"[beta]","1 1 * 0 *","0 0 0 1 *","[alpha]"}
>>asections{"[beta]","[alpha]"}
INITIALIZING 20
it0     f=     24.00784307
ALPHA,BETA SWITCHING, eps=1e-09:
it1     f=     24.00784307  change=   5.475e-11 pi-change   5.561e-05  step=1.2764
it2     f=     24.00784307  change=   1.099e-12 pi-change   1.574e-05  step=1.14379
Strong convergence
I(1) BFGS:
it0     f=      24.0078431 df= 4.347e-05 e1= 4.373e-05 e2= 1.982e-07 step=1
it1     f=      24.0078431 df= 0.0001336 e1= 8.238e-07 e2= 3.128e-07 step=1
BFGS: Strong convergence
ALPHA,BETA SWITCHING, eps=1e-09:
it1     f=     24.00784307  change=   9.376e-15 pi-change   2.749e-06  step=0.990408
Strong convergence


RESTRICTED I(1) ESTIMATES FOR RANK 2:
	Z0_t = Pi Z1_t + Phi Z2_t + rest* + epsilon_t, epsilon_t ~ N(0,Omega),
	Z0_t = DX_t, Z1_t = X_{t-1} | W_t | D^r_{t-1}, Z2_t = differences | D^u_{t-1}.
	Cointegrated I(1) model: Pi = alpha beta' with rank r < p, alpha is (p x r), beta is (p_1 x r).
	Restrictions:  beta=(H_1 phi_1, H_2 phi_2, ...)

beta', the normalized cointegrating vectors:
                 LRER_1       LBS_1      LTOT_1        CA_1    Constant
     CVec(1)          1           1      -0.996           0       -4.12 
                                        {  -9.7}                {  -8.7}
     CVec(2)          0           0           0           1        2.11 
   {t-value}                                                    {   4.9}

alpha, the loadings on the cointegrating vectors:
             alpha[][0]  alpha[][1]
       DLRER    -0.0139     0.00489 
                {  -0.4}    {   3.7}
        DLBS    -0.0203   -0.000247 
                {  -2.6}    {  -0.8}
       DLTOT     0.0371    0.000497 
                {   1.9}    {   0.7}
         DCA      -2.01     0.00735 
   {t-value}    {  -1.7}    {   0.2}

Pi = alpha beta', the long-run coefficients:
                 LRER_1       LBS_1      LTOT_1        CA_1    Constant
       DLRER    -0.0139     -0.0139      0.0138     0.00489      0.0675 
                {  -0.4}    {  -0.4}    {   0.4}    {   3.7}    {   0.5}
        DLBS    -0.0203     -0.0203      0.0202   -0.000247      0.0831 
                {  -2.6}    {  -2.6}    {   2.5}    {  -0.8}    {   2.5}
       DLTOT     0.0371      0.0371      -0.037    0.000497      -0.152 
                {   1.9}    {   1.9}    {  -1.8}    {   0.7}    {  -1.8}
         DCA      -2.01       -2.01           2     0.00735        8.29 
   {t-value}    {  -1.7}    {  -1.7}    {   1.7}    {   0.2}    {   1.7}

Residual correlations and standard errors:
                   LRER         LBS        LTOT          CA
        LRER          1 
         LBS     -0.472           1 
        LTOT      0.125       0.153           1 
          CA     0.0261     -0.0532      0.0797           1 
        S.E.     0.0361     0.00812      0.0205        1.21 

log-likelihood     2138.92058  -log|Omega|        24.0078431
-T/2log|Omega|     4057.32548
SC                -8.40103204  AIC               -11.1947963
no. of observations       338  no. of parameters         247
no. of dependent vars, p    4  with lag length            13
rank of Pi=alpha*beta', r   2  columns in beta, p1         5
no. of restrictions         3  identified                Yes
estimation:       Switch+BFGS  Strong convergence
Constant/Trend:        CIMEAN  Seasonal dummies           11


Restrictions on columns of beta:
	CVec(1) 	  one   one     *     0     * 
	CVec(2) 	    0     0     0     1     * 
Test of restrictions on beta:            Chi^2(3)  =   10.287 [0.0163]* 


BOOTSTRAP OF RESTRICTIONS TEST
Bootstrap sampling scheme  : Wild IIN[0,1]
Number of replications (B) : 199
Length of time series  (T) : 338
Starting from default seed : yes
Bootstrap time             : 1.71
Bootstrap 10% quantile     : 12.0445
Bootstrap 5% quantile      : 13.6414
Bootstrap test             : 10.287 [0.1759]  

// PcGive batch code to map CVAR to model with identities in I(0) space
module("PcGive");
package("PcGive", "Multiple-equation");
algebra
{
	"DLRER" = diff("LRER", 1);
	"DLBS" = diff("LBS", 1);
	"DLTOT" = diff("LTOT", 1);
	"DCA" = diff("CA", 1);
	CI1 = "LRER" +"LBS" -0.996424 * "LTOT" -4.1226;
	CI1 = "CA" +2.11347;
}
system
{
	Y = "DLRER","DLBS","DLTOT","DCA";
	I = "CI1","CI1";
	Z = "DLRER_1","DLBS_1","DLTOT_1","DCA_1","DLRER_2","DLBS_2","DLTOT_2","DCA_2","DLRER_3","DLBS_3","DLTOT_3","DCA_3","DLRER_4","DLBS_4","DLTOT_4","DCA_4","DLRER_5","DLBS_5","DLTOT_5","DCA_5","DLRER_6","DLBS_6","DLTOT_6","DCA_6","DLRER_7","DLBS_7","DLTOT_7","DCA_7","DLRER_8","DLBS_8","DLTOT_8","DCA_8","DLRER_9","DLBS_9","DLTOT_9","DCA_9","DLRER_10","DLBS_10","DLTOT_10","DCA_10","DLRER_11","DLBS_11","DLTOT_11","DCA_11","DLRER_12","DLBS_12","DLTOT_12","DCA_12","CI1_1","CI2_1";
	U = "CSeasonal","CSeasonal_1","CSeasonal_2","CSeasonal_3","CSeasonal_4","CSeasonal_5","CSeasonal_6","CSeasonal_7","CSeasonal_8","CSeasonal_9","CSeasonal_10";
}
model
{
	"DLRER" = "DLRER_1","DLBS_1","DLTOT_1","DCA_1","DLRER_2","DLBS_2","DLTOT_2","DCA_2","DLRER_3","DLBS_3","DLTOT_3","DCA_3","DLRER_4","DLBS_4","DLTOT_4","DCA_4","DLRER_5","DLBS_5","DLTOT_5","DCA_5","DLRER_6","DLBS_6","DLTOT_6","DCA_6","DLRER_7","DLBS_7","DLTOT_7","DCA_7","DLRER_8","DLBS_8","DLTOT_8","DCA_8","DLRER_9","DLBS_9","DLTOT_9","DCA_9","DLRER_10","DLBS_10","DLTOT_10","DCA_10","DLRER_11","DLBS_11","DLTOT_11","DCA_11","DLRER_12","DLBS_12","DLTOT_12","DCA_12","CI1_1","CI2_1";
	"DLBS" = "DLRER_1","DLBS_1","DLTOT_1","DCA_1","DLRER_2","DLBS_2","DLTOT_2","DCA_2","DLRER_3","DLBS_3","DLTOT_3","DCA_3","DLRER_4","DLBS_4","DLTOT_4","DCA_4","DLRER_5","DLBS_5","DLTOT_5","DCA_5","DLRER_6","DLBS_6","DLTOT_6","DCA_6","DLRER_7","DLBS_7","DLTOT_7","DCA_7","DLRER_8","DLBS_8","DLTOT_8","DCA_8","DLRER_9","DLBS_9","DLTOT_9","DCA_9","DLRER_10","DLBS_10","DLTOT_10","DCA_10","DLRER_11","DLBS_11","DLTOT_11","DCA_11","DLRER_12","DLBS_12","DLTOT_12","DCA_12","CI1_1","CI2_1";
	"DLTOT" = "DLRER_1","DLBS_1","DLTOT_1","DCA_1","DLRER_2","DLBS_2","DLTOT_2","DCA_2","DLRER_3","DLBS_3","DLTOT_3","DCA_3","DLRER_4","DLBS_4","DLTOT_4","DCA_4","DLRER_5","DLBS_5","DLTOT_5","DCA_5","DLRER_6","DLBS_6","DLTOT_6","DCA_6","DLRER_7","DLBS_7","DLTOT_7","DCA_7","DLRER_8","DLBS_8","DLTOT_8","DCA_8","DLRER_9","DLBS_9","DLTOT_9","DCA_9","DLRER_10","DLBS_10","DLTOT_10","DCA_10","DLRER_11","DLBS_11","DLTOT_11","DCA_11","DLRER_12","DLBS_12","DLTOT_12","DCA_12","CI1_1","CI2_1";
	"DCA" = "DLRER_1","DLBS_1","DLTOT_1","DCA_1","DLRER_2","DLBS_2","DLTOT_2","DCA_2","DLRER_3","DLBS_3","DLTOT_3","DCA_3","DLRER_4","DLBS_4","DLTOT_4","DCA_4","DLRER_5","DLBS_5","DLTOT_5","DCA_5","DLRER_6","DLBS_6","DLTOT_6","DCA_6","DLRER_7","DLBS_7","DLTOT_7","DCA_7","DLRER_8","DLBS_8","DLTOT_8","DCA_8","DLRER_9","DLBS_9","DLTOT_9","DCA_9","DLRER_10","DLBS_10","DLTOT_10","DCA_10","DLRER_11","DLBS_11","DLTOT_11","DCA_11","DLRER_12","DLBS_12","DLTOT_12","DCA_12","CI1_1","CI2_1";
	CI1 = "DLRER", "DLBS", "DLTOT", "CI1_1";
	CI2 = "DCA", "CI2_1";
//	LRER = DLRER, LRER_1;
//	LBS = DLBS, LBS_1;
//	LTOT = DLTOT, LTOT_1;
//	CA = DCA, CA_1;
}
estimate("FIML", 1996, 2, 2024, 3);

Ox 9.06 (Windows_64/Parallel) (C) J.A. Doornik, 1994-2022 (oxlang.dev)

---- PcGive 16.00 session started at 15:08:46 on 31-07-2024 ----

*** Warning: No observations in model

Database:  D:\Dropbox\Aplicativos\Overleaf\RER-MS\data_brazil.in7
Sample:    1969(1) - 2024(5) (665 observations)
Frequency: 12
Variables: 9
Variable                first at     last at   #obs  #gaps    type          min         mean          max      std.dev
DLRER                     1970(2)     2024(3)   650      0  double     -0.35754  -0.00079564       0.2509     0.042884
DLBS                      1970(2)     2024(3)   650      0  double    -0.059646    0.0018323      0.15153     0.016516
DLTOT                     1978(2)     2024(3)   554      0  double     -0.33256   0.00018736      0.30269     0.034018
DCA                       1995(2)     2024(5)   352      0  double      -5.1677    0.0019022       8.8125       1.8462
CI1                       1995(1)     2024(5)   353      0  double      -5.6146     -0.22525       5.4667       2.2734
CI2_1                  No valid observations.
Constant                  1969(1)     2024(5)   665      0  double            1            1            1            0
Trend                     1969(1)     2024(5)   665      0  double          -11          321          653       191.97
CSeasonal                 1969(1)     2024(5)   665      0  double    -0.083333   0.00087719      0.91667       0.2777

*** Error in Estimate(): No observations in model

*** Warning: No observations in model

Database:  D:\Dropbox\Aplicativos\Overleaf\RER-MS\data_brazil.in7
Sample:    1969(1) - 2024(5) (665 observations)
Frequency: 12
Variables: 10
Variable                first at     last at   #obs  #gaps    type          min         mean          max      std.dev
DLRER                     1970(2)     2024(3)   650      0  double     -0.35754  -0.00079564       0.2509     0.042884
DLBS                      1970(2)     2024(3)   650      0  double    -0.059646    0.0018323      0.15153     0.016516
DLTOT                     1978(2)     2024(3)   554      0  double     -0.33256   0.00018736      0.30269     0.034018
DCA                       1995(2)     2024(5)   352      0  double      -5.1677    0.0019022       8.8125       1.8462
CI1                       1995(1)     2024(5)   353      0  double      -5.6146     -0.22525       5.4667       2.2734
CI2                    No valid observations.
CI2_1                  No valid observations.
Constant                  1969(1)     2024(5)   665      0  double            1            1            1            0
Trend                     1969(1)     2024(5)   665      0  double          -11          321          653       191.97
CSeasonal                 1969(1)     2024(5)   665      0  double    -0.083333   0.00087719      0.91667       0.2777

*** Error in Estimate(): No observations in model

*** Warning: No observations in model

Database:  D:\Dropbox\Aplicativos\Overleaf\RER-MS\data_brazil.in7
Sample:    1969(1) - 2024(5) (665 observations)
Frequency: 12
Variables: 10
Variable                first at     last at   #obs  #gaps    type          min         mean          max      std.dev
DLRER                     1970(2)     2024(3)   650      0  double     -0.35754  -0.00079564       0.2509     0.042884
DLBS                      1970(2)     2024(3)   650      0  double    -0.059646    0.0018323      0.15153     0.016516
DLTOT                     1978(2)     2024(3)   554      0  double     -0.33256   0.00018736      0.30269     0.034018
DCA                       1995(2)     2024(5)   352      0  double      -5.1677    0.0019022       8.8125       1.8462
CI1                       1978(1)     2024(3)   555      0  double     -0.57204    -0.022289      0.57428      0.15202
CI2                    No valid observations.
CI2_1                  No valid observations.
Constant                  1969(1)     2024(5)   665      0  double            1            1            1            0
Trend                     1969(1)     2024(5)   665      0  double          -11          321          653       191.97
CSeasonal                 1969(1)     2024(5)   665      0  double    -0.083333   0.00087719      0.91667       0.2777

*** Error in Estimate(): No observations in model

*** Warning: No observations in model

Database:  D:\Dropbox\Aplicativos\Overleaf\RER-MS\data_brazil.in7
Sample:    1969(1) - 2024(5) (665 observations)
Frequency: 12
Variables: 10
Variable                first at     last at   #obs  #gaps    type          min         mean          max      std.dev
DLRER                     1970(2)     2024(3)   650      0  double     -0.35754  -0.00079564       0.2509     0.042884
DLBS                      1970(2)     2024(3)   650      0  double    -0.059646    0.0018323      0.15153     0.016516
DLTOT                     1978(2)     2024(3)   554      0  double     -0.33256   0.00018736      0.30269     0.034018
DCA                       1995(2)     2024(5)   352      0  double      -5.1677    0.0019022       8.8125       1.8462
CI1                       1978(1)     2024(3)   555      0  double     -0.57204    -0.022289      0.57428      0.15202
CI2                    No valid observations.
CI2_1                  No valid observations.
Constant                  1969(1)     2024(5)   665      0  double            1            1            1            0
Trend                     1969(1)     2024(5)   665      0  double          -11          321          653       191.97
CSeasonal                 1969(1)     2024(5)   665      0  double    -0.083333   0.00087719      0.91667       0.2777

*** Error in Estimate(): No observations in model

Identity for CI1
DLRER      1.0000
DLBS       1.0000
DLTOT    -0.99642
CI1_1      1.0000

R^2 = 1 over 1996(2) - 2024(3)

Identity for CI2
DCA        1.0000
CI2_1      1.0000

R^2 = 1 over 1996(2) - 2024(3)
it0     f=      12.0039215 df= 1.855e-13 e1= 4.777e-16 e2= 2.315e-10 step=1
BFGS: Strong convergence

MOD( 1) Estimating the model by FIML
        The dataset is: D:\Dropbox\Aplicativos\Overleaf\RER-MS\data_brazil.in7
        The estimation sample is: 1996(2) - 2024(3)

Equation for: DLRER
                  Coefficient  Std.Error  t-value  t-prob
DLRER_1              0.159559    0.07543     2.12  0.0353
DLBS_1              -0.571022     0.3065    -1.86  0.0635
DLTOT_1              0.206705     0.1117     1.85  0.0653
DCA_1             -0.00340601   0.002329    -1.46  0.1448
DLRER_2             -0.222266    0.07724    -2.88  0.0043
DLBS_2             -0.0769255     0.3166   -0.243  0.8082
DLTOT_2              0.102055     0.1120    0.911  0.3629
DCA_2             -0.00272402   0.002488    -1.09  0.2745
DLRER_3            -0.0300705    0.07748   -0.388  0.6982
DLBS_3              0.0629354     0.3108    0.202  0.8397
DLTOT_3            -0.0163300     0.1083   -0.151  0.8803
DCA_3             -0.00418542   0.002474    -1.69  0.0918
DLRER_4            -0.0863689    0.07653    -1.13  0.2601
DLBS_4              -0.173520     0.3062   -0.567  0.5714
DLTOT_4            -0.0926947     0.1074   -0.863  0.3888
DCA_4            -0.000497848   0.002472   -0.201  0.8406
DLRER_5             0.0531230    0.07615    0.698  0.4860
DLBS_5               0.245126     0.2955    0.829  0.4076
DLTOT_5             0.0215222     0.1078    0.200  0.8420
DCA_5             -0.00172854   0.002479   -0.697  0.4861
DLRER_6            -0.0878422    0.07551    -1.16  0.2457
DLBS_6              -0.336790     0.2937    -1.15  0.2524
DLTOT_6             -0.113965     0.1080    -1.06  0.2921
DCA_6             -0.00465800   0.002540    -1.83  0.0677
DLRER_7            -0.0476844    0.07542   -0.632  0.5278
DLBS_7               0.247502     0.2937    0.843  0.4001
DLTOT_7             0.0711685     0.1071    0.664  0.5069
DCA_7             -0.00154251   0.002530   -0.610  0.5425
DLRER_8            -0.0463420    0.07420   -0.625  0.5328
DLBS_8              -0.213391     0.2974   -0.718  0.4736
DLTOT_8              0.150797     0.1064     1.42  0.1576
DCA_8             -0.00146666   0.002427   -0.604  0.5462
DLRER_9            -0.0934394    0.07367    -1.27  0.2057
DLBS_9               0.126021     0.2822    0.447  0.6555
DLTOT_9             0.0631862     0.1058    0.597  0.5507
DCA_9             -0.00207651   0.002360   -0.880  0.3796
DLRER_10           -0.0689511    0.07349   -0.938  0.3489
DLBS_10              0.105099     0.2825    0.372  0.7102
DLTOT_10             0.102818     0.1033    0.996  0.3203
DCA_10           -0.000205677   0.002237  -0.0919  0.9268
DLRER_11           -0.0459751    0.07035   -0.653  0.5140
DLBS_11              0.112094     0.2871    0.390  0.6966
DLTOT_11            -0.165881     0.1017    -1.63  0.1039
DCA_11            0.000313183   0.002183    0.143  0.8860
DLRER_12           -0.0547526    0.06903   -0.793  0.4283
DLBS_12             -0.128897     0.2618   -0.492  0.6229
DLTOT_12            0.0518997    0.09933    0.523  0.6017
DCA_12            0.000985751   0.001858    0.530  0.5962
CI1_1              -0.0138694    0.03827   -0.362  0.7173
CI2_1              0.00489257   0.001470     3.33  0.0010
CSeasonal     U    0.00417991    0.01279    0.327  0.7441
CSeasonal_1   U   -0.00488256    0.01282   -0.381  0.7036
CSeasonal_2   U   -0.00276267    0.01251   -0.221  0.8254
CSeasonal_3   U    0.00489921    0.01335    0.367  0.7139
CSeasonal_4   U   -0.00595893    0.01352   -0.441  0.6598
CSeasonal_5   U   -0.00581461    0.01255   -0.463  0.6434
CSeasonal_6   U   -0.00881527    0.01372   -0.643  0.5210
CSeasonal_7   U   -0.00255018    0.01350   -0.189  0.8503
CSeasonal_8   U    -0.0174984    0.01265    -1.38  0.1676
CSeasonal_9   U  -0.000730261    0.01294  -0.0565  0.9550
CSeasonal_10  U    0.00740305    0.01283    0.577  0.5644

sigma = 0.0398768

Equation for: DLBS
                  Coefficient  Std.Error  t-value  t-prob
DLRER_1            -0.0489023    0.01696    -2.88  0.0042
DLBS_1               0.370277    0.06891     5.37  0.0000
DLTOT_1            -0.0301463    0.02511    -1.20  0.2310
DCA_1             7.34940e-05  0.0005237    0.140  0.8885
DLRER_2             0.0128515    0.01737    0.740  0.4600
DLBS_2             -0.0252584    0.07118   -0.355  0.7230
DLTOT_2            -0.0106144    0.02518   -0.422  0.6737
DCA_2             0.000236106  0.0005594    0.422  0.6733
DLRER_3           -0.00939789    0.01742   -0.539  0.5900
DLBS_3              0.0123517    0.06988    0.177  0.8598
DLTOT_3             0.0129985    0.02436    0.534  0.5940
DCA_3            -0.000143962  0.0005563   -0.259  0.7960
DLRER_4          -0.000794509    0.01721  -0.0462  0.9632
DLBS_4             -0.0264350    0.06884   -0.384  0.7013
DLTOT_4             0.0332931    0.02415     1.38  0.1691
DCA_4            -0.000309275  0.0005559   -0.556  0.5784
DLRER_5            -0.0212488    0.01712    -1.24  0.2156
DLBS_5             -0.0430935    0.06645   -0.648  0.5172
DLTOT_5            0.00975051    0.02425    0.402  0.6879
DCA_5            -0.000874165  0.0005573    -1.57  0.1179
DLRER_6           -0.00164029    0.01698  -0.0966  0.9231
DLBS_6               0.155453    0.06603     2.35  0.0193
DLTOT_6             0.0261910    0.02428     1.08  0.2816
DCA_6            -0.000369190  0.0005711   -0.646  0.5185
DLRER_7            0.00754538    0.01696    0.445  0.6567
DLBS_7              -0.192468    0.06603    -2.91  0.0039
DLTOT_7            0.00758270    0.02408    0.315  0.7531
DCA_7            -0.000464125  0.0005688   -0.816  0.4152
DLRER_8          -0.000487173    0.01668  -0.0292  0.9767
DLBS_8              0.0196083    0.06687    0.293  0.7696
DLTOT_8            -0.0528150    0.02393    -2.21  0.0281
DCA_8             -0.00106558  0.0005457    -1.95  0.0519
DLRER_9            -0.0274969    0.01656    -1.66  0.0980
DLBS_9              0.0192691    0.06345    0.304  0.7616
DLTOT_9           -0.00358899    0.02378   -0.151  0.8801
DCA_9            -7.38909e-05  0.0005306   -0.139  0.8893
DLRER_10            0.0159441    0.01652    0.965  0.3354
DLBS_10             0.0127400    0.06353    0.201  0.8412
DLTOT_10           -0.0188503    0.02322   -0.812  0.4176
DCA_10            3.73840e-05  0.0005030   0.0743  0.9408
DLRER_11            0.0103623    0.01582    0.655  0.5130
DLBS_11             0.0796606    0.06456     1.23  0.2183
DLTOT_11            0.0305180    0.02286     1.34  0.1829
DCA_11            0.000712493  0.0004909     1.45  0.1478
DLRER_12           0.00342784    0.01552    0.221  0.8254
DLBS_12            -0.0583021    0.05886   -0.990  0.3228
DLTOT_12           -0.0103130    0.02233   -0.462  0.6446
DCA_12           -0.000320233  0.0004178   -0.766  0.4441
CI1_1              -0.0202801   0.008606    -2.36  0.0191
CI2_1            -0.000246791  0.0003305   -0.747  0.4559
CSeasonal     U    0.00346375   0.002876     1.20  0.2294
CSeasonal_1   U    0.00503396   0.002883     1.75  0.0819
CSeasonal_2   U    0.00137638   0.002814    0.489  0.6251
CSeasonal_3   U    0.00211350   0.003001    0.704  0.4819
CSeasonal_4   U    0.00226569   0.003041    0.745  0.4569
CSeasonal_5   U    0.00278721   0.002821    0.988  0.3240
CSeasonal_6   U    0.00284040   0.003084    0.921  0.3579
CSeasonal_7   U    0.00743590   0.003034     2.45  0.0149
CSeasonal_8   U     0.0102522   0.002844     3.60  0.0004
CSeasonal_9   U    0.00564422   0.002909     1.94  0.0533
CSeasonal_10  U    0.00303989   0.002885     1.05  0.2929

sigma = 0.0089662

Equation for: DLTOT
                  Coefficient  Std.Error  t-value  t-prob
DLRER_1              0.126836    0.04293     2.95  0.0034
DLBS_1               0.428224     0.1744     2.45  0.0147
DLTOT_1            -0.0686298    0.06357    -1.08  0.2812
DCA_1             0.000439250   0.001326    0.331  0.7407
DLRER_2             0.0432578    0.04397    0.984  0.3260
DLBS_2              -0.107719     0.1802   -0.598  0.5504
DLTOT_2             0.0349079    0.06373    0.548  0.5843
DCA_2             0.000578041   0.001416    0.408  0.6834
DLRER_3             0.0685355    0.04410     1.55  0.1213
DLBS_3             -0.0783621     0.1769   -0.443  0.6581
DLTOT_3             0.0833679    0.06166     1.35  0.1774
DCA_3            -0.000993376   0.001408   -0.705  0.4811
DLRER_4            -0.0246017    0.04356   -0.565  0.5727
DLBS_4              0.0818214     0.1743    0.470  0.6391
DLTOT_4             0.0562060    0.06112    0.920  0.3586
DCA_4             6.13081e-05   0.001407   0.0436  0.9653
DLRER_5           0.000953181    0.04334   0.0220  0.9825
DLBS_5               0.180871     0.1682     1.08  0.2832
DLTOT_5            -0.0512579    0.06138   -0.835  0.4044
DCA_5              0.00134038   0.001411    0.950  0.3429
DLRER_6            -0.0310162    0.04298   -0.722  0.4711
DLBS_6              -0.248451     0.1671    -1.49  0.1383
DLTOT_6             0.0265928    0.06146    0.433  0.6656
DCA_6              0.00132626   0.001446    0.917  0.3597
DLRER_7            -0.0497291    0.04293    -1.16  0.2477
DLBS_7              -0.227401     0.1672    -1.36  0.1748
DLTOT_7             0.0499017    0.06096    0.819  0.4137
DCA_7              0.00272838   0.001440     1.89  0.0591
DLRER_8            -0.0215432    0.04223   -0.510  0.6104
DLBS_8               0.180531     0.1693     1.07  0.2871
DLTOT_8             0.0337134    0.06056    0.557  0.5782
DCA_8              0.00204608   0.001381     1.48  0.1397
DLRER_9            -0.0744170    0.04193    -1.77  0.0770
DLBS_9               0.154642     0.1606    0.963  0.3365
DLTOT_9             0.0941580    0.06019     1.56  0.1189
DCA_9              0.00263869   0.001343     1.96  0.0504
DLRER_10            0.0304442    0.04183    0.728  0.4673
DLBS_10             -0.430858     0.1608    -2.68  0.0078
DLTOT_10            0.0367159    0.05878    0.625  0.5327
DCA_10             0.00492203   0.001273     3.87  0.0001
DLRER_11           -0.0635767    0.04004    -1.59  0.1135
DLBS_11              0.105216     0.1634    0.644  0.5202
DLTOT_11           -0.0585184    0.05786    -1.01  0.3127
DCA_11             0.00233435   0.001243     1.88  0.0613
DLRER_12           0.00958303    0.03929    0.244  0.8075
DLBS_12             0.0953022     0.1490    0.640  0.5230
DLTOT_12            -0.100116    0.05653    -1.77  0.0777
DCA_12             0.00123288   0.001058     1.17  0.2448
CI1_1               0.0370995    0.02178     1.70  0.0897
CI2_1             0.000496615  0.0008367    0.594  0.5533
CSeasonal     U    0.00681345   0.007280    0.936  0.3501
CSeasonal_1   U   -0.00213339   0.007297   -0.292  0.7702
CSeasonal_2   U    0.00317090   0.007122    0.445  0.6565
CSeasonal_3   U  -0.000488220   0.007598  -0.0643  0.9488
CSeasonal_4   U     0.0206904   0.007697     2.69  0.0076
CSeasonal_5   U    0.00817218   0.007141     1.14  0.2534
CSeasonal_6   U     0.0146327   0.007807     1.87  0.0619
CSeasonal_7   U     0.0135050   0.007681     1.76  0.0798
CSeasonal_8   U    0.00863502   0.007199     1.20  0.2314
CSeasonal_9   U   -0.00235858   0.007363   -0.320  0.7490
CSeasonal_10  U    0.00419367   0.007303    0.574  0.5663

sigma = 0.0226966

Equation for: DCA
                  Coefficient  Std.Error  t-value  t-prob
DLRER_1             -0.410661      2.518   -0.163  0.8706
DLBS_1                4.63069      10.23    0.453  0.6512
DLTOT_1              -6.14919      3.728    -1.65  0.1002
DCA_1               -0.588410    0.07776    -7.57  0.0000
DLRER_2               2.95030      2.578     1.14  0.2535
DLBS_2               -2.16796      10.57   -0.205  0.8376
DLTOT_2              -4.31816      3.738    -1.16  0.2490
DCA_2               -0.379654    0.08304    -4.57  0.0000
DLRER_3              -4.65457      2.586    -1.80  0.0730
DLBS_3               -2.37244      10.37   -0.229  0.8193
DLTOT_3               1.90145      3.616    0.526  0.5994
DCA_3               -0.389926    0.08258    -4.72  0.0000
DLRER_4              -3.11476      2.555    -1.22  0.2238
DLBS_4               -18.1084      10.22    -1.77  0.0775
DLTOT_4              0.147990      3.585   0.0413  0.9671
DCA_4               -0.348352    0.08253    -4.22  0.0000
DLRER_5              -1.86374      2.542   -0.733  0.4640
DLBS_5               -10.3639      9.865    -1.05  0.2944
DLTOT_5              -2.29352      3.600   -0.637  0.5246
DCA_5               -0.359139    0.08274    -4.34  0.0000
DLRER_6              -3.30618      2.521    -1.31  0.1907
DLBS_6                5.67644      9.802    0.579  0.5630
DLTOT_6              -2.55374      3.604   -0.709  0.4792
DCA_6               -0.196197    0.08478    -2.31  0.0214
DLRER_7              0.362950      2.518    0.144  0.8855
DLBS_7               0.806004      9.803   0.0822  0.9345
DLTOT_7              -4.23193      3.575    -1.18  0.2376
DCA_7               -0.196389    0.08444    -2.33  0.0208
DLRER_8               2.86301      2.477     1.16  0.2487
DLBS_8                4.42748      9.927    0.446  0.6559
DLTOT_8               3.86861      3.552     1.09  0.2770
DCA_8               -0.244993    0.08102    -3.02  0.0027
DLRER_9               1.13659      2.459    0.462  0.6443
DLBS_9               -2.19029      9.420   -0.233  0.8163
DLTOT_9               3.29429      3.530    0.933  0.3516
DCA_9               -0.296582    0.07877    -3.77  0.0002
DLRER_10             -2.68021      2.453    -1.09  0.2755
DLBS_10              -3.55726      9.431   -0.377  0.7063
DLTOT_10             0.939178      3.447    0.272  0.7855
DCA_10              -0.205193    0.07468    -2.75  0.0064
DLRER_11             -1.76377      2.348   -0.751  0.4533
DLBS_11               7.63137      9.585    0.796  0.4266
DLTOT_11             -6.33935      3.393    -1.87  0.0628
DCA_11              -0.130656    0.07287    -1.79  0.0741
DLRER_12             -3.29151      2.304    -1.43  0.1543
DLBS_12              -4.13224      8.739   -0.473  0.6367
DLTOT_12             0.268111      3.316   0.0809  0.9356
DCA_12               0.175103    0.06203     2.82  0.0051
CI1_1                -2.00781      1.278    -1.57  0.1172
CI2_1              0.00734748    0.04907    0.150  0.8811
CSeasonal     U     -0.331429     0.4269   -0.776  0.4382
CSeasonal_1   U       1.12659     0.4279     2.63  0.0089
CSeasonal_2   U      0.449770     0.4177     1.08  0.2825
CSeasonal_3   U      0.724172     0.4456     1.63  0.1053
CSeasonal_4   U       1.07694     0.4514     2.39  0.0177
CSeasonal_5   U      0.883624     0.4188     2.11  0.0358
CSeasonal_6   U     0.0782364     0.4579    0.171  0.8644
CSeasonal_7   U      0.854596     0.4505     1.90  0.0589
CSeasonal_8   U      0.497926     0.4222     1.18  0.2393
CSeasonal_9   U     -0.231660     0.4318   -0.536  0.5921
CSeasonal_10  U      0.383738     0.4283    0.896  0.3710

sigma = 1.33111

log-likelihood     2138.92058  -T/2log|Omega|     4057.32548
no. of observations       338  no. of parameters         244
No restrictions imposed
BFGS using analytical derivatives (eps1=1e-05; eps2=1e-07):
Strong convergence

correlation of structural residuals (standard deviations on diagonal)
              DLRER         DLBS        DLTOT          DCA
DLRER      0.039877     -0.47220      0.12546     0.026099
DLBS       -0.47220    0.0089662      0.15325    -0.053240
DLTOT       0.12546      0.15325     0.022697     0.079673
DCA        0.026099    -0.053240     0.079673       1.3311

Single-equation diagnostics using reduced-form residuals:
                               AR 1-7            ARCH 1-7           Normality              Hetero   
DLRER                   0.76 [0.6208]      23.00 [0.0000]**   178.77 [0.0000]**     2.04 [0.0000]** 
DLBS                    0.29 [0.9570]       1.15 [0.3314]      61.63 [0.0000]**     2.28 [0.0000]** 
DLTOT                   0.89 [0.5117]       1.55 [0.1486]      16.22 [0.0003]**     1.12 [0.2345]   
DCA                     3.46 [0.0014]**     0.51 [0.8265]      11.04 [0.0040]**     1.12 [0.2396]   

Vector SEM-AR 1-7 test:  F(112,979)=   1.0037 [0.4748]  
Vector ARCH 1-7 test:    F(112,1194)=   2.9557 [0.0000]**
Vector Normality test:   Chi^2(8)  =   318.07 [0.0000]**
Vector ZHetero test:     F(444,894)=   1.4745 [0.0000]**

---- Switching - PcGive 2.08 session started at 15:10:36 on 31-07-2024 ----
it0     f=      10.1774977 df=     19.59 e1=    0.4149 e2= 5.163e+04 step=1
it5     f=      10.2049190 df=     13.17 e1=    0.4322 e2=    0.4467 step=6.104e-05
it10    f=      10.2177956 df=     8.032 e1=    0.4510 e2=   0.07630 step=3.052e-05
it15    f=      10.2293545 df=     9.843 e1=    0.4318 e2=   0.06750 step=6.104e-05
it20    f=      10.2374948 df=     9.133 e1=    0.4167 e2=   0.07128 step=0.0001221
it25    f=      10.2449771 df=     8.335 e1=    0.4182 e2=    0.3514 step=0.0001221
it30    f=      10.2508329 df=     7.424 e1=    0.4336 e2=     1.996 step=0.0004883
it35    f=      10.2605665 df=     5.154 e1=    0.4529 e2=    0.2941 step=0.0004883
it40    f=      10.2665316 df=     5.508 e1=    0.4594 e2=    0.2520 step=0.0002441
it45    f=      10.2713099 df=     5.728 e1=    0.4606 e2=    0.4704 step=0.0009766
it50    f=      10.2797273 df=     5.783 e1=    0.4559 e2=    0.3032 step=0.0004883
it55    f=      10.2870553 df=     5.803 e1=    0.4771 e2=    0.3790 step=0.0004883
it60    f=      10.3013940 df=     5.065 e1=    0.4429 e2=    0.2692 step=0.0009766
it65    f=      10.3191980 df=     10.58 e1=    0.3660 e2=    0.1593 step=0.0004883
it70    f=      10.3347402 df=     11.56 e1=    0.3077 e2=    0.6337 step=0.003906
it75    f=      10.3580997 df=     10.98 e1=    0.2342 e2=    0.2653 step=0.01563
it80    f=      10.3786275 df=     7.286 e1=    0.1680 e2=    0.6506 step=0.007813
it85    f=      10.3954828 df=     3.923 e1=    0.1564 e2=    0.4791 step=0.01563
it90    f=      10.4054359 df=     4.863 e1=    0.1532 e2=    0.3287 step=0.01563
it95    f=      10.4133813 df=     3.460 e1=    0.1005 e2=    0.4593 step=0.01563
it100   f=      10.4221599 df=     3.660 e1=    0.2018 e2=    0.7361 step=0.03125
it105   f=      10.4319241 df=     2.724 e1=    0.2331 e2=     2.776 step=0.125
it110   f=      10.4563053 df=     5.431 e1=    0.1756 e2=     66.10 step=0.125
it115   f=      10.4833688 df=     2.543 e1=   0.06644 e2=     2.501 step=0.125
it120   f=      10.4960076 df=     3.323 e1=   0.07670 e2=    0.5624 step=0.25
it125   f=      10.5010923 df=     1.624 e1=   0.02504 e2=    0.1177 step=0.125
it130   f=      10.5028919 df=    0.9289 e1=   0.01343 e2=    0.2878 step=0.25
it135   f=      10.5050116 df=    0.8852 e1=   0.01304 e2=    0.2029 step=0.5
it140   f=      10.5065634 df=    0.5116 e1=   0.01551 e2=     1.280 step=0.25
it145   f=      10.5071879 df=    0.4842 e1=  0.008760 e2=     2.921 step=0.25
it150   f=      10.5074283 df=    0.5738 e1=  0.009062 e2=     1.464 step=1
it155   f=      10.5078771 df=    0.5684 e1=  0.009200 e2=     3.246 step=1
it160   f=      10.5088144 df=     1.136 e1=  0.008546 e2=    0.1944 step=1
it165   f=      10.5105366 df=    0.5354 e1=   0.01080 e2=    0.7005 step=1
it170   f=      10.5119114 df=    0.6808 e1=   0.01669 e2=     2.576 step=1
it175   f=      10.5129298 df=    0.5159 e1=  0.006854 e2=    0.2497 step=1
it180   f=      10.5131990 df=    0.1957 e1=  0.004547 e2=    0.4110 step=1
it185   f=      10.5134285 df=    0.2482 e1=  0.008762 e2=    0.9873 step=1
it190   f=      10.5137324 df=    0.2460 e1=  0.007611 e2=    0.5066 step=1
it195   f=      10.5141288 df=    0.1551 e1=  0.007437 e2=   0.09181 step=1
it200   f=      10.5143191 df=    0.1119 e1=  0.003638 e2=    0.1145 step=1
it205   f=      10.5144837 df=    0.1719 e1=  0.004357 e2=   0.06230 step=1
it210   f=      10.5147579 df=    0.1973 e1=  0.005744 e2=    0.1579 step=1
it215   f=      10.5151101 df=    0.2115 e1=  0.007051 e2=    0.5033 step=1
it220   f=      10.5152434 df=   0.06664 e1=  0.003101 e2=   0.03608 step=1
it225   f=      10.5152981 df=   0.05321 e1=  0.002746 e2=   0.07726 step=1
it230   f=      10.5154345 df=   0.08675 e1=  0.004424 e2=   0.05516 step=1
it235   f=      10.5156812 df=    0.1106 e1=  0.003550 e2=    0.4640 step=1
it240   f=      10.5158585 df=    0.1099 e1=  0.003353 e2=    0.1602 step=1
it245   f=      10.5159477 df=   0.03821 e1=  0.003997 e2=   0.06985 step=1
it250   f=      10.5160082 df=   0.07546 e1=  0.006639 e2=    0.1142 step=1
it255   f=      10.5161952 df=    0.1823 e1=  0.005827 e2=   0.07764 step=1
it260   f=      10.5164216 df=   0.05638 e1=  0.003722 e2=    0.1054 step=1
it265   f=      10.5164763 df=   0.03212 e1=  0.002993 e2=   0.08499 step=1
it270   f=      10.5164987 df=   0.04841 e1=  0.002960 e2=   0.01608 step=1
it275   f=      10.5166043 df=    0.1342 e1=  0.005036 e2=    0.1263 step=1
it280   f=      10.5168267 df=   0.04801 e1=  0.002774 e2=    0.1372 step=1
it285   f=      10.5169540 df=   0.05066 e1=  0.003386 e2=    0.2653 step=1
it290   f=      10.5170097 df=   0.02282 e1=  0.001996 e2=   0.01501 step=1
it295   f=      10.5170199 df=   0.04822 e1=  0.002403 e2=   0.04575 step=1
it300   f=      10.5170650 df=   0.09856 e1=  0.003870 e2=   0.05683 step=1
it305   f=      10.5171728 df=   0.09888 e1=  0.002732 e2=   0.04117 step=1
it310   f=      10.5172209 df=   0.02533 e1=  0.001584 e2=   0.01896 step=1
it315   f=      10.5172314 df=   0.02159 e1=  0.001556 e2=  0.005454 step=1
it320   f=      10.5172633 df=   0.05102 e1=  0.003104 e2=   0.03923 step=1
it325   f=      10.5173458 df=   0.06216 e1=  0.002444 e2=   0.02203 step=1
it330   f=      10.5174542 df=   0.04049 e1=  0.001518 e2=   0.02200 step=1
it335   f=      10.5174729 df=   0.03279 e1=  0.001516 e2=   0.01414 step=1
it340   f=      10.5174878 df=   0.03895 e1=  0.001653 e2=  0.006621 step=1
it345   f=      10.5175277 df=    0.1188 e1=  0.005192 e2=   0.08886 step=1
it350   f=      10.5176229 df=   0.07151 e1=  0.003281 e2=    0.1896 step=1
it355   f=      10.5176538 df=   0.02551 e1=  0.001457 e2=   0.04404 step=1
it360   f=      10.5176584 df=   0.01512 e1=  0.001445 e2=   0.04207 step=1
it365   f=      10.5176729 df=   0.03747 e1=  0.002085 e2=   0.03726 step=1
it370   f=      10.5177362 df=   0.07827 e1=  0.003863 e2=    0.2149 step=1
it375   f=      10.5177916 df=   0.01373 e1=  0.001176 e2=   0.02130 step=1
it380   f=      10.5177946 df=  0.005036 e1=  0.001197 e2=   0.01744 step=1
it385   f=      10.5178105 df=   0.04976 e1=  0.002299 e2=   0.01951 step=1
it390   f=      10.5178513 df=   0.02758 e1=  0.001387 e2=   0.04204 step=1
it395   f=      10.5178660 df=   0.01155 e1= 0.0007351 e2=  0.009369 step=1
it400   f=      10.5178678 df=  0.003600 e1= 0.0007591 e2=   0.02501 step=1
it405   f=      10.5178827 df=   0.02851 e1=  0.001826 e2=   0.08233 step=1
it410   f=      10.5179094 df=   0.02042 e1=  0.001042 e2=    0.1611 step=1
it415   f=      10.5179112 df=  0.007344 e1= 0.0006382 e2=  0.008885 step=1
it420   f=      10.5179129 df=   0.01191 e1= 0.0006533 e2=   0.01032 step=1
it425   f=      10.5179378 df=   0.01985 e1= 0.0005501 e2=   0.02523 step=1
it430   f=      10.5179395 df=  0.002110 e1= 0.0005265 e2=  0.007789 step=1
it435   f=      10.5179506 df=   0.02004 e1=  0.001780 e2=   0.01550 step=1
it440   f=      10.5179623 df= 0.0006236 e1= 0.0003213 e2=  0.001044 step=1
it445   f=      10.5179665 df=   0.02264 e1= 0.0004241 e2=   0.01546 step=1
it450   f=      10.5179797 df= 0.0002533 e1= 0.0002543 e2=  0.004074 step=1
it455   f=      10.5179813 df=  0.009449 e1= 0.0001828 e2=  0.005621 step=1
it460   f=      10.5179870 df= 0.0004130 e1= 9.115e-05 e2=  0.002291 step=1
it465   f=      10.5179874 df=  0.003976 e1= 9.633e-05 e2=  0.002972 step=1
it470   f=      10.5179905 df= 0.0002750 e1= 8.423e-05 e2=   0.05592 step=1
it475   f=      10.5179906 df=  0.001454 e1= 8.541e-05 e2=   0.01413 step=1
it480   f=      10.5179924 df=  0.001182 e1= 7.102e-05 e2=   0.05456 step=1
it485   f=      10.5179924 df= 0.0004209 e1= 7.150e-05 e2=  0.003014 step=1
it490   f=      10.5179936 df= 0.0009933 e1= 5.037e-05 e2=   0.02299 step=1
it495   f=      10.5179937 df= 0.0001687 e1= 3.929e-05 e2= 0.0007916 step=1
it500   f=      10.5179946 df= 0.0006934 e1= 3.839e-05 e2=  0.007825 step=1
it505   f=      10.5179957 df= 4.883e-05 e1= 9.620e-05 e2= 0.0002190 step=1
it510   f=      10.5179958 df=  0.001244 e1= 6.364e-05 e2=  0.008949 step=1
it515   f=      10.5179962 df= 3.589e-05 e1= 4.764e-05 e2=  0.003609 step=1
it520   f=      10.5179963 df= 0.0007534 e1= 5.906e-05 e2=  0.009231 step=1
it525   f=      10.5179966 df= 8.387e-05 e1= 1.782e-05 e2= 0.0007889 step=1
it530   f=      10.5179966 df= 0.0001038 e1= 1.595e-05 e2=  0.002534 step=1
it535   f=      10.5179967 df= 8.714e-05 e1= 2.583e-05 e2=  0.006628 step=1
it540   f=      10.5179967 df= 0.0001688 e1= 2.068e-05 e2= 0.0008466 step=1
it545   f=      10.5179968 df= 0.0002995 e1= 1.119e-05 e2=   0.01363 step=1
it550   f=      10.5179968 df= 0.0001312 e1= 1.279e-05 e2=  0.001013 step=1
it555   f=      10.5179969 df= 0.0009216 e1= 2.158e-05 e2=   0.02196 step=1
it560   f=      10.5179970 df= 1.587e-05 e1= 2.045e-05 e2= 0.0005250 step=1
it565   f=      10.5179971 df= 0.0001721 e1= 8.868e-06 e2=  0.001130 step=1
it570   f=      10.5179971 df= 1.607e-05 e1= 6.391e-06 e2= 0.0001768 step=1
it575   f=      10.5179971 df= 0.0002227 e1= 5.665e-06 e2= 0.0009803 step=1
it580   f=      10.5179972 df= 2.947e-05 e1= 5.637e-06 e2=  0.002292 step=1
it585   f=      10.5179972 df= 6.392e-06 e1= 5.239e-06 e2= 0.0002716 step=1
it590   f=      10.5179972 df= 0.0002813 e1= 2.489e-06 e2= 0.0002499 step=1
it595   f=      10.5179972 df= 9.660e-06 e1= 2.625e-06 e2= 4.416e-05 step=1
it600   f=      10.5179972 df= 0.0002867 e1= 3.302e-06 e2= 0.0005549 step=1
it605   f=      10.5179972 df= 3.424e-06 e1= 2.103e-06 e2= 0.0001141 step=1
it610   f=      10.5179972 df= 7.674e-05 e1= 1.931e-06 e2= 0.0002235 step=1
it615   f=      10.5179972 df= 1.315e-05 e1= 1.245e-06 e2= 0.0002483 step=1
it620   f=      10.5179972 df= 1.634e-05 e1= 1.319e-06 e2= 4.629e-05 step=1
it625   f=      10.5179972 df= 0.0001330 e1= 1.291e-06 e2= 0.0001776 step=1
it629   f=      10.5179972 df= 2.369e-06 e1= 9.215e-07 e2= 3.971e-06 step=1
BFGS: Strong convergence

Switching( 1) Modelling DLRER by MS(3)
              The dataset is: D:\Dropbox\Aplicativos\Overleaf\RER-MS\data_brazil.in7
              The estimation sample is: 1996(2) - 2024(3)

Equation for DLRER:
                     Coefficient   Std.Error   robust-SE  t-value  t-prob
DLRER_1@DLRER          0.0237803     0.04958     0.07983    0.298   0.767
DLRER_2@DLRER          -0.232478     0.04358     0.06880    -3.38   0.002
DLRER_3@DLRER          -0.141976     0.04312     0.08284    -1.71   0.094
DLRER_4@DLRER       -0.000194849     0.03842     0.03925 -0.00496   0.996
DLRER_5@DLRER          0.0538067     0.04155     0.08389    0.641   0.525
DLRER_6@DLRER          0.0429784     0.03838     0.04458    0.964   0.341
DLRER_7@DLRER         -0.0661342     0.03857     0.04638    -1.43   0.161
DLRER_8@DLRER         0.00155088     0.03753     0.05885   0.0264   0.979
DLRER_9@DLRER         -0.0337296     0.03629     0.04663   -0.723   0.473
DLRER_10@DLRER         -0.100951     0.03564     0.04626    -2.18   0.035
DLRER_11@DLRER        -0.0292206     0.03458     0.05414   -0.540   0.592
DLRER_12@DLRER         -0.122011     0.03336     0.04550    -2.68   0.010
DLBS_1@DLRER            0.322512      0.1701      0.3366    0.958   0.343
DLBS_2@DLRER          -0.0625928      0.1457      0.1905   -0.329   0.744
DLBS_3@DLRER           -0.170926      0.1407      0.2299   -0.743   0.461
DLBS_4@DLRER           0.0519717      0.1350      0.2199    0.236   0.814
DLBS_5@DLRER            0.289052      0.1230      0.1485     1.95   0.058
DLBS_6@DLRER           -0.350869      0.1200      0.1275    -2.75   0.009
DLBS_7@DLRER          0.00588303      0.1192      0.1379   0.0427   0.966
DLBS_8@DLRER           0.0195741      0.1204      0.1256    0.156   0.877
DLBS_9@DLRER          0.00952760      0.1218      0.1645   0.0579   0.954
DLBS_10@DLRER           0.162832      0.1227      0.1654    0.984   0.331
DLBS_11@DLRER         -0.0926798      0.1243      0.2174   -0.426   0.672
DLBS_12@DLRER          0.0798436      0.1118      0.1798    0.444   0.659
DLTOT_1@DLRER        -0.00402705     0.05011     0.06272  -0.0642   0.949
DLTOT_2@DLRER          0.0481439     0.05117     0.09002    0.535   0.596
DLTOT_3@DLRER          0.0329908     0.04507     0.05342    0.618   0.540
DLTOT_4@DLRER         -0.0157690     0.04457     0.04989   -0.316   0.754
DLTOT_5@DLRER          -0.118973     0.04383     0.05706    -2.08   0.043
DLTOT_6@DLRER          -0.141242     0.04465     0.04743    -2.98   0.005
DLTOT_7@DLRER          -0.113130     0.04596     0.05480    -2.06   0.045
DLTOT_8@DLRER         -0.0349137     0.04899     0.09644   -0.362   0.719
DLTOT_9@DLRER          0.0399125     0.04462     0.04899    0.815   0.420
DLTOT_10@DLRER         0.0316551     0.04414     0.06563    0.482   0.632
DLTOT_11@DLRER        -0.0429056     0.04168     0.05513   -0.778   0.441
DLTOT_12@DLRER         0.0713313     0.04527     0.08766    0.814   0.420
DCA_1@DLRER          -0.00464553    0.001118    0.001340    -3.47   0.001
DCA_2@DLRER          -0.00299362    0.001177    0.001566    -1.91   0.063
DCA_3@DLRER          -0.00351033    0.001164    0.001380    -2.54   0.015
DCA_4@DLRER          -0.00336430    0.001147    0.001262    -2.67   0.011
DCA_5@DLRER          -0.00314068    0.001199    0.001623    -1.94   0.060
DCA_6@DLRER          -0.00376435    0.001259    0.001849    -2.04   0.048
DCA_7@DLRER          -0.00178588    0.001140    0.001400    -1.28   0.209
DCA_8@DLRER          -0.00200052    0.001079    0.001239    -1.61   0.114
DCA_9@DLRER          -0.00273103    0.001039    0.001292    -2.11   0.040
DCA_10@DLRER        -0.000573745   0.0009860    0.001232   -0.466   0.644
DCA_11@DLRER        -0.000929388   0.0009860    0.001472   -0.631   0.531
DCA_12@DLRER        -0.000452732   0.0008285    0.001402   -0.323   0.748
CSeasonal@DLRER        0.0180846    0.005300    0.005211     3.47   0.001
CSeasonal_1@DLRER      0.0261269    0.006228     0.01144     2.28   0.028
CSeasonal_2@DLRER      0.0119776    0.005332    0.006641     1.80   0.078
CSeasonal_3@DLRER      0.0209863    0.005526    0.005889     3.56   0.001
CSeasonal_4@DLRER     0.00525441    0.005389    0.006029    0.872   0.388
CSeasonal_5@DLRER     0.00777766    0.004979    0.005903     1.32   0.195
CSeasonal_6@DLRER     0.00201811    0.005554    0.006097    0.331   0.742
CSeasonal_7@DLRER     0.00323049    0.005572    0.006594    0.490   0.627
CSeasonal_8@DLRER    -0.00520750    0.005532    0.008655   -0.602   0.551
CSeasonal_9@DLRER     0.00569159    0.006002     0.01097    0.519   0.606
CSeasonal_10@DLRER   0.000261035    0.005411    0.008361   0.0312   0.975
Constant(0)@DLRER     -0.0149488    0.002708    0.007096    -2.11   0.041
Constant(1)@DLRER      0.0189865    0.001486    0.001905     9.97   0.000
Constant(2)@DLRER     -0.0384264     0.01596     0.01953    -1.97   0.056
CI1_1(0)@DLRER         0.0627724     0.02989     0.05199     1.21   0.234
CI1_1(1)@DLRER        0.00116024     0.01674     0.02092   0.0555   0.956
CI1_1(2)@DLRER         -0.133429      0.1083      0.1039    -1.28   0.206
CI2_1(0)@DLRER        0.00675733    0.001039    0.001665     4.06   0.000
CI2_1(1)@DLRER        0.00709435   0.0008157   0.0008328     8.52   0.000
CI2_1(2)@DLRER        0.00909079    0.004697    0.005830     1.56   0.126

Equation for DLBS:
                    Coefficient   Std.Error   robust-SE  t-value  t-prob
DLRER_1@DLBS         -0.0236711     0.01421     0.01698    -1.39   0.171
DLRER_2@DLBS          0.0331307     0.01327     0.01936     1.71   0.094
DLRER_3@DLBS          0.0169652     0.01287     0.01665     1.02   0.314
DLRER_4@DLBS        -0.00496373     0.01228     0.01497   -0.332   0.742
DLRER_5@DLBS         -0.0169936     0.01213     0.01357    -1.25   0.217
DLRER_6@DLBS        -0.00243216     0.01173     0.01245   -0.195   0.846
DLRER_7@DLBS        -0.00596948     0.01172     0.01482   -0.403   0.689
DLRER_8@DLBS        -0.00539737     0.01141     0.01176   -0.459   0.649
DLRER_9@DLBS         -0.0315925     0.01127     0.01146    -2.76   0.009
DLRER_10@DLBS        -0.0160881     0.01125     0.01329    -1.21   0.233
DLRER_11@DLBS       -0.00663053     0.01080     0.01216   -0.545   0.588
DLRER_12@DLBS         0.0140885     0.01103     0.01708    0.825   0.414
DLBS_1@DLBS            0.185601     0.04964     0.06227     2.98   0.005
DLBS_2@DLBS          -0.0453896     0.04692     0.05901   -0.769   0.446
DLBS_3@DLBS         -0.00553418     0.04605     0.07564  -0.0732   0.942
DLBS_4@DLBS           0.0154703     0.04190     0.04626    0.334   0.740
DLBS_5@DLBS          -0.0591198     0.03996     0.04054    -1.46   0.152
DLBS_6@DLBS           0.0707529     0.04001     0.04076     1.74   0.090
DLBS_7@DLBS           -0.112412     0.03937     0.04434    -2.54   0.015
DLBS_8@DLBS          -0.0386733     0.04086     0.05647   -0.685   0.497
DLBS_9@DLBS           0.0193410     0.03633     0.04006    0.483   0.632
DLBS_10@DLBS         -0.0676185     0.03806     0.05070    -1.33   0.190
DLBS_11@DLBS          0.0702043     0.03947     0.05029     1.40   0.170
DLBS_12@DLBS         -0.0307362     0.03510     0.04121   -0.746   0.460
DLTOT_1@DLBS          0.0124682     0.01682     0.02090    0.597   0.554
DLTOT_2@DLBS         0.00488527     0.01595     0.01782    0.274   0.785
DLTOT_3@DLBS         0.00543480     0.01534     0.01976    0.275   0.785
DLTOT_4@DLBS          0.0151628     0.01522     0.01709    0.887   0.380
DLTOT_5@DLBS         0.00413191     0.01488     0.01976    0.209   0.835
DLTOT_6@DLBS          0.0175117     0.01524     0.01774    0.987   0.329
DLTOT_7@DLBS          0.0490859     0.01521     0.01719     2.85   0.007
DLTOT_8@DLBS         0.00328550     0.01455     0.01495    0.220   0.827
DLTOT_9@DLBS        0.000159959     0.01437     0.01425   0.0112   0.991
DLTOT_10@DLBS         0.0182547     0.01431     0.01704     1.07   0.290
DLTOT_11@DLBS         0.0122788     0.01441     0.02033    0.604   0.549
DLTOT_12@DLBS        -0.0131526     0.01370     0.01724   -0.763   0.450
DCA_1@DLBS          0.000656695   0.0003740   0.0006616    0.993   0.327
DCA_2@DLBS          0.000526172   0.0003906   0.0005840    0.901   0.373
DCA_3@DLBS         -0.000628788   0.0003836   0.0005376    -1.17   0.249
DCA_4@DLBS         -0.000816016   0.0003905   0.0005017    -1.63   0.111
DCA_5@DLBS          -0.00133352   0.0004207   0.0006444    -2.07   0.045
DCA_6@DLBS          -0.00133234   0.0004399   0.0006801    -1.96   0.057
DCA_7@DLBS          -0.00136772   0.0003873   0.0004959    -2.76   0.009
DCA_8@DLBS          -0.00177913   0.0003762   0.0005024    -3.54   0.001
DCA_9@DLBS         -0.000770028   0.0003745   0.0005372    -1.43   0.159
DCA_10@DLBS        -0.000514243   0.0003429   0.0004417    -1.16   0.251
DCA_11@DLBS         0.000209298   0.0003170   0.0003814    0.549   0.586
DCA_12@DLBS        -5.52843e-05   0.0002653   0.0003594   -0.154   0.879
CSeasonal@DLBS      -0.00182155    0.001772    0.002209   -0.824   0.414
CSeasonal_1@DLBS    -0.00251486    0.001828    0.002610   -0.963   0.341
CSeasonal_2@DLBS    -0.00334260    0.001763    0.002381    -1.40   0.168
CSeasonal_3@DLBS    -0.00477458    0.001825    0.002246    -2.13   0.039
CSeasonal_4@DLBS    -0.00268523    0.001816    0.002224    -1.21   0.234
CSeasonal_5@DLBS   -0.000770591    0.001688    0.002070   -0.372   0.712
CSeasonal_6@DLBS    -0.00167080    0.001876    0.002265   -0.738   0.465
CSeasonal_7@DLBS     0.00426296    0.001821    0.002290     1.86   0.070
CSeasonal_8@DLBS     0.00720855    0.001764    0.002060     3.50   0.001
CSeasonal_9@DLBS     0.00213775    0.001917    0.003059    0.699   0.489
CSeasonal_10@DLBS    0.00347173    0.001857    0.003144     1.10   0.276
Constant(0)@DLBS     0.00412653   0.0005102   0.0006806     6.06   0.000
Constant(1)@DLBS    -0.00427257   0.0005660   0.0008360    -5.11   0.000
Constant(2)@DLBS     0.00517048    0.003177    0.003653     1.42   0.164
CI1_1(0)@DLBS        -0.0320837    0.007533    0.009951    -3.22   0.002
CI1_1(1)@DLBS       -0.00612808    0.006082    0.006118    -1.00   0.322
CI1_1(2)@DLBS        -0.0489285     0.02214     0.02884    -1.70   0.097
CI2_1(0)@DLBS      -0.000975793   0.0002570   0.0003535    -2.76   0.009
CI2_1(1)@DLBS       -0.00165864   0.0003230   0.0005976    -2.78   0.008
CI2_1(2)@DLBS      -0.000468739   0.0009699    0.001424   -0.329   0.744

Equation for DLTOT:
                     Coefficient   Std.Error   robust-SE  t-value  t-prob
DLRER_1@DLTOT           0.120097     0.04445     0.05701     2.11   0.041
DLRER_2@DLTOT          0.0485781     0.04149     0.05049    0.962   0.341
DLRER_3@DLTOT          0.0431616     0.04124     0.05446    0.793   0.432
DLRER_4@DLTOT         -0.0416737     0.04062     0.03884    -1.07   0.289
DLRER_5@DLTOT          0.0328401     0.03923     0.04120    0.797   0.430
DLRER_6@DLTOT         -0.0107678     0.03794     0.03617   -0.298   0.767
DLRER_7@DLTOT         -0.0444190     0.03752     0.03533    -1.26   0.216
DLRER_8@DLTOT         -0.0130610     0.03709     0.03540   -0.369   0.714
DLRER_9@DLTOT         -0.0808276     0.03700     0.03515    -2.30   0.027
DLRER_10@DLTOT        -0.0303588     0.03822     0.04358   -0.697   0.490
DLRER_11@DLTOT        -0.0630956     0.03564     0.03459    -1.82   0.075
DLRER_12@DLTOT        0.00105600     0.03441     0.03864   0.0273   0.978
DLBS_1@DLTOT            0.475213      0.1599      0.1928     2.46   0.018
DLBS_2@DLTOT          -0.0961208      0.1521      0.1770   -0.543   0.590
DLBS_3@DLTOT          -0.0411389      0.1506      0.1595   -0.258   0.798
DLBS_4@DLTOT           0.0221223      0.1463      0.1611    0.137   0.891
DLBS_5@DLTOT            0.182124      0.1371      0.1443     1.26   0.214
DLBS_6@DLTOT           -0.182667      0.1393      0.1604    -1.14   0.261
DLBS_7@DLTOT           -0.166853      0.1332      0.1303    -1.28   0.207
DLBS_8@DLTOT           0.0226531      0.1344      0.1185    0.191   0.849
DLBS_9@DLTOT            0.181275      0.1210      0.1073     1.69   0.099
DLBS_10@DLTOT          -0.527826      0.1259      0.1427    -3.70   0.001
DLBS_11@DLTOT          0.0293168      0.1312      0.1397    0.210   0.835
DLBS_12@DLTOT           0.135697      0.1173      0.1112     1.22   0.229
DLTOT_1@DLTOT         -0.0980841     0.05625     0.05730    -1.71   0.094
DLTOT_2@DLTOT         -0.0412353     0.05415     0.05689   -0.725   0.473
DLTOT_3@DLTOT          0.0954207     0.05256     0.05153     1.85   0.071
DLTOT_4@DLTOT         0.00383891     0.05201     0.05469   0.0702   0.944
DLTOT_5@DLTOT         -0.0777739     0.05159     0.06416    -1.21   0.232
DLTOT_6@DLTOT          0.0419119     0.05165     0.06252    0.670   0.506
DLTOT_7@DLTOT           0.103520     0.05181     0.05942     1.74   0.089
DLTOT_8@DLTOT          0.0375006     0.05023     0.05433    0.690   0.494
DLTOT_9@DLTOT          0.0404754     0.04923     0.05130    0.789   0.435
DLTOT_10@DLTOT         0.0665359     0.04823     0.04603     1.45   0.156
DLTOT_11@DLTOT        -0.0625172     0.04680     0.04477    -1.40   0.170
DLTOT_12@DLTOT        -0.0808689     0.04594     0.05299    -1.53   0.135
DCA_1@DLTOT          0.000891791    0.001110    0.001136    0.785   0.437
DCA_2@DLTOT           0.00137107    0.001209    0.001237     1.11   0.274
DCA_3@DLTOT         -0.000439138    0.001239    0.001236   -0.355   0.724
DCA_4@DLTOT         -0.000142887    0.001275    0.001270   -0.112   0.911
DCA_5@DLTOT           0.00132775    0.001310    0.001443    0.920   0.363
DCA_6@DLTOT          0.000653839    0.001369    0.001494    0.438   0.664
DCA_7@DLTOT           0.00161386    0.001301    0.001438     1.12   0.268
DCA_8@DLTOT           0.00158492    0.001238    0.001310     1.21   0.233
DCA_9@DLTOT           0.00197844    0.001191    0.001299     1.52   0.135
DCA_10@DLTOT          0.00412853    0.001090    0.001059     3.90   0.000
DCA_11@DLTOT          0.00196664    0.001012    0.001083     1.82   0.076
DCA_12@DLTOT          0.00109755   0.0008490   0.0008858     1.24   0.222
CSeasonal@DLTOT       0.00552069    0.005980    0.006731    0.820   0.417
CSeasonal_1@DLTOT    -0.00628988    0.005940    0.006732   -0.934   0.355
CSeasonal_2@DLTOT    -0.00323298    0.005856    0.006363   -0.508   0.614
CSeasonal_3@DLTOT    -0.00905757    0.006168    0.006586    -1.38   0.176
CSeasonal_4@DLTOT      0.0101806    0.006411    0.007261     1.40   0.168
CSeasonal_5@DLTOT    5.81112e-06    0.005825    0.006865    0.000   0.999
CSeasonal_6@DLTOT     0.00668033    0.006350    0.007301    0.915   0.365
CSeasonal_7@DLTOT     0.00465475    0.006266    0.006503    0.716   0.478
CSeasonal_8@DLTOT     0.00502819    0.006041    0.008223    0.612   0.544
CSeasonal_9@DLTOT     -0.0100327    0.006041    0.006378    -1.57   0.123
CSeasonal_10@DLTOT   -0.00330607    0.005960    0.007196   -0.459   0.648
Constant(0)@DLTOT    0.000857221    0.001571    0.001694    0.506   0.616
Constant(1)@DLTOT     0.00493665    0.002076    0.002682     1.84   0.073
Constant(2)@DLTOT     -0.0151760    0.006647    0.008566    -1.77   0.084
CI1_1(0)@DLTOT         0.0141532     0.02369     0.02842    0.498   0.621
CI1_1(1)@DLTOT         0.0944030     0.02271     0.02311     4.09   0.000
CI1_1(2)@DLTOT        -0.0641439     0.04729     0.05176    -1.24   0.222
CI2_1(0)@DLTOT        0.00137809   0.0007794   0.0009058     1.52   0.136
CI2_1(1)@DLTOT       0.000352855    0.001094    0.001417    0.249   0.805
CI2_1(2)@DLTOT      -0.000450289    0.002017    0.001833   -0.246   0.807

Equation for DCA:
                   Coefficient   Std.Error   robust-SE  t-value  t-prob
DLRER_1@DCA           0.976071       2.285       2.124    0.459   0.648
DLRER_2@DCA            4.28539       2.436       2.804     1.53   0.134
DLRER_3@DCA           -3.40871       2.261       2.332    -1.46   0.151
DLRER_4@DCA           -1.08678       2.297       2.697   -0.403   0.689
DLRER_5@DCA          -0.459126       2.333       2.885   -0.159   0.874
DLRER_6@DCA           -2.37583       2.222       2.389   -0.995   0.326
DLRER_7@DCA          -0.661305       2.244       2.552   -0.259   0.797
DLRER_8@DCA            2.66191       2.171       2.539     1.05   0.301
DLRER_9@DCA           0.979654       2.150       2.682    0.365   0.717
DLRER_10@DCA          -3.35257       2.157       2.115    -1.58   0.120
DLRER_11@DCA          -2.91808       2.097       2.535    -1.15   0.256
DLRER_12@DCA          -4.11649       2.071       2.689    -1.53   0.133
DLBS_1@DCA             6.35844       10.13       11.20    0.568   0.573
DLBS_2@DCA            -5.96557       9.746       11.87   -0.503   0.618
DLBS_3@DCA            -3.70138       9.143       11.45   -0.323   0.748
DLBS_4@DCA            -14.5470       9.046       11.37    -1.28   0.208
DLBS_5@DCA            -17.3491       9.072       12.63    -1.37   0.177
DLBS_6@DCA           -0.932244       8.488       9.488  -0.0983   0.922
DLBS_7@DCA           -0.112235       8.425       9.023  -0.0124   0.990
DLBS_8@DCA             2.80895       8.652       9.357    0.300   0.766
DLBS_9@DCA            -2.09741       8.133       9.486   -0.221   0.826
DLBS_10@DCA           -3.72660       8.069       8.816   -0.423   0.675
DLBS_11@DCA            3.99556       8.332       8.104    0.493   0.625
DLBS_12@DCA           -4.51790       7.577       7.165   -0.631   0.532
DLTOT_1@DCA           -7.24945       3.474       4.758    -1.52   0.135
DLTOT_2@DCA           -6.05113       3.360       3.408    -1.78   0.083
DLTOT_3@DCA         -0.0658396       3.155       2.938  -0.0224   0.982
DLTOT_4@DCA           -1.51735       3.110       3.195   -0.475   0.637
DLTOT_5@DCA           -3.82782       3.157       2.906    -1.32   0.195
DLTOT_6@DCA           -3.76437       3.166       3.313    -1.14   0.262
DLTOT_7@DCA           -4.86295       3.190       3.482    -1.40   0.170
DLTOT_8@DCA            3.43596       3.117       2.992     1.15   0.257
DLTOT_9@DCA            3.21084       3.090       3.360    0.955   0.345
DLTOT_10@DCA           1.84674       3.074       3.195    0.578   0.566
DLTOT_11@DCA          -4.73696       2.975       3.226    -1.47   0.149
DLTOT_12@DCA           1.47988       2.997       3.579    0.414   0.681
DCA_1@DCA            -0.677308     0.07176     0.07786    -8.70   0.000
DCA_2@DCA            -0.492551     0.07655     0.08200    -6.01   0.000
DCA_3@DCA            -0.517246     0.07744     0.08820    -5.86   0.000
DCA_4@DCA            -0.490423     0.07750     0.08434    -5.82   0.000
DCA_5@DCA            -0.479602     0.07808     0.08772    -5.47   0.000
DCA_6@DCA            -0.344140     0.08030     0.09510    -3.62   0.001
DCA_7@DCA            -0.342624     0.08141     0.09835    -3.48   0.001
DCA_8@DCA            -0.360599     0.07490     0.08432    -4.28   0.000
DCA_9@DCA            -0.395576     0.07080     0.07876    -5.02   0.000
DCA_10@DCA           -0.286898     0.06690     0.08241    -3.48   0.001
DCA_11@DCA           -0.196458     0.06388     0.06967    -2.82   0.007
DCA_12@DCA            0.137676     0.05467     0.05246     2.62   0.012
CSeasonal@DCA        -0.475718      0.3859      0.4507    -1.06   0.297
CSeasonal_1@DCA        1.13652      0.3835      0.4297     2.64   0.011
CSeasonal_2@DCA       0.469378      0.3713      0.4157     1.13   0.265
CSeasonal_3@DCA       0.668619      0.3878      0.4196     1.59   0.119
CSeasonal_4@DCA       0.985206      0.4018      0.4539     2.17   0.036
CSeasonal_5@DCA       0.932324      0.3600      0.3909     2.39   0.022
CSeasonal_6@DCA      0.0627039      0.4013      0.4635    0.135   0.893
CSeasonal_7@DCA       0.790736      0.3981      0.4084     1.94   0.060
CSeasonal_8@DCA       0.439872      0.3701      0.4385     1.00   0.322
CSeasonal_9@DCA      -0.218129      0.3822      0.4377   -0.498   0.621
CSeasonal_10@DCA      0.327140      0.3849      0.4722    0.693   0.492
Constant(0)@DCA      -0.435842      0.1254      0.1625    -2.68   0.010
Constant(1)@DCA      0.0592385      0.1235      0.1424    0.416   0.679
Constant(2)@DCA       0.240698      0.2599      0.2679    0.898   0.374
CI1_1(0)@DCA          -1.95514       1.712       2.229   -0.877   0.385
CI1_1(1)@DCA          -1.12544       1.357       1.453   -0.774   0.443
CI1_1(2)@DCA          -7.77266       2.279       3.490    -2.23   0.031
CI2_1(0)@DCA         0.0996197     0.06039     0.07568     1.32   0.195
CI2_1(1)@DCA        -0.0558125     0.06423     0.06973   -0.800   0.428
CI2_1(2)@DCA         0.0943394     0.08688     0.09247     1.02   0.313

Other coefficients: 
                Coefficient   Std.Error
scale[0](0)       0.0175064    0.002467
scale[1](0)      0.00423883   0.0003431
scale[2](0)       0.0136440    0.001048
scale[3](0)         1.08435     0.08289
scale[0](1)       0.0124792   0.0008209
scale[1](1)      0.00501077   0.0003361
scale[2](1)       0.0195938    0.001338
scale[3](1)         1.15527     0.07706
scale[0](2)       0.0800739    0.008092
scale[1](2)       0.0157559    0.001683
scale[2](2)       0.0316853    0.003629
scale[3](2)         1.14365      0.1661
L[1][0]        1.00000e-100      0.0000
L[2][0]        1.00000e-100      0.0000
L[2][1]        1.00000e-100      0.0000
L[3][0]        1.00000e-100      0.0000
L[3][1]        1.00000e-100      0.0000
L[3][2]        1.00000e-100      0.0000
p_{0|0}            0.786324     0.04672
p_{1|0}            0.139146     0.03710
p_{0|1}            0.143819     0.03019
p_{1|1}            0.839289     0.03122
p_{1|2}            0.153794     0.05807
p_{2|2}            0.771702     0.07131

log-likelihood     2312.67815
no. of observations       338  no. of parameters         296
AIC               -11.9330068  SC                -8.58501396

Linearity LR-test Chi^2(38) =   6216.7 [0.0000]** approximate upperbound: [0.0000]**

Regime-switching scale; variance matrices:
Regime 0
              DLRER         DLBS        DLTOT          DCA
DLRER    0.00030648
DLBS    3.0648e-104   1.7968e-05
DLTOT   3.0648e-104  1.7968e-105   0.00018616
DCA     3.0648e-104  1.7968e-105  1.8616e-104       1.1758
Regime 1
              DLRER         DLBS        DLTOT          DCA
DLRER    0.00015573
DLBS    1.5573e-104   2.5108e-05
DLTOT   1.5573e-104  2.5108e-105   0.00038392
DCA     1.5573e-104  2.5108e-105  3.8392e-104       1.3346
Regime 2
              DLRER         DLBS        DLTOT          DCA
DLRER     0.0064118
DLBS    6.4118e-103   0.00024825
DLTOT   6.4118e-103  2.4825e-104    0.0010040
DCA     6.4118e-103  2.4825e-104  1.0040e-103       1.3079

Transition probabilities p_{i|j} = P(Regime i at t+1 | Regime j at t)
                Regime 0,t   Regime 1,t   Regime 2,t
Regime 0,t+1       0.78632      0.14382     0.074504
Regime 1,t+1       0.13915      0.83929      0.15379
Regime 2,t+1      0.074530     0.016892      0.77170

Used ergodic probabilities to start recursion
Robust-SE based on numerical Hessian matrix and numerical OPG matrix
BFGS using numerical derivatives (eps1=1e-05; eps2=1e-07):
Strong convergence
Used starting values:
      0.19500     -0.15301    -0.034586    -0.045725     0.079585    -0.064196    -0.051116    -0.041756     -0.13786     -0.11500    -0.049183    -0.058061     -0.24521    0.0019202     0.014865     -0.14438      0.26314     -0.31542      0.13307     -0.22837     0.070503     0.065959      0.10174    -0.085035     0.081882     0.047134    -0.026205    -0.099751   -0.0082236     -0.12983     0.045706     0.095425     0.030663     0.079184     -0.17145     0.076125   -0.0032724   -0.0023111   -0.0043046   -0.0017379   -0.0022770   -0.0052040   -0.0025504   -0.0029045   -0.0034987   -0.0011583  -0.00038215   0.00054675     0.010010   -0.0026924   -0.0058844    0.0040489    -0.011199   -0.0066205    -0.011193   -0.0043412    -0.018089   -0.0039406    0.0042075   0.00096061    0.0039828    -0.049026     0.036878    -0.029277     -0.24635    0.0039330    0.0039286     0.010039    -0.051325     0.014098   0.00072904    0.0013637    -0.020253   -0.0054046   -0.0010715   -0.0047720    -0.023519     0.012550
    0.0086623    0.0053556      0.20209    -0.067597     0.020730    -0.018590    -0.067017      0.11536     -0.17526   -0.0019300     0.019992     0.019536     0.081647    -0.041088    -0.023106    -0.011975   5.5735e-05     0.026150     0.011859     0.030006     0.018316    -0.030188     0.011485   -0.0093147     0.033201    -0.010196  -0.00010721  -1.5460e-05  -0.00026045  -0.00021847  -0.00072379  -0.00023854  -0.00026451  -0.00079438   4.3235e-05   5.5886e-05   0.00075269  -0.00016694    0.0023632    0.0043430    0.0015599    0.0017280    0.0027875    0.0027138    0.0024069    0.0060025    0.0088576    0.0056345    0.0034117    0.0031270   -0.0027300    0.0096960    -0.012205   -0.0054261    -0.015472  -1.8126e-05  -0.00034219   2.9141e-07      0.14051     0.066440     0.071039    -0.012493     0.015227    -0.028796    -0.057647    -0.023238    -0.078009     0.018588    -0.056181     0.016643      0.40749    -0.095223     -0.10512      0.10621      0.18188     -0.26789     -0.25641      0.14981
      0.15063     -0.42177      0.10460      0.12767     -0.12257   -0.0069371     0.072974     0.057900    -0.049975     0.028532     0.055093     0.030938     0.086182     0.031318    -0.051935    -0.095920    0.0010328    0.0014932   5.1585e-05   0.00084594    0.0023379    0.0022660    0.0034316    0.0024609    0.0026350    0.0048359    0.0023143    0.0013116    0.0085442  -0.00078774    0.0028761  -0.00082598     0.020038    0.0071999     0.013277     0.011822    0.0073325   -0.0038238    0.0029873    0.0057590   0.00019391    -0.016086     0.051160     0.069296    -0.064616   0.00078944   0.00015793  -0.00032067      0.34350       4.0658      -3.7504      -2.2921      -1.5847      -3.0715     0.037734       2.7330      0.86785      -2.9986      -1.8463      -3.2163       4.4962      -2.7502      -1.1590      -17.368      -11.807       3.8602     -0.21188       4.1015      -3.0579      -4.0374       7.1828      -5.2551      -6.2686      -4.2046       1.1937     -0.32532      -2.9702      -2.9578
      -4.2260       4.3055       4.1495       1.5719      -5.9795      0.76049     -0.60925     -0.41991     -0.44233     -0.40287     -0.41269     -0.24785     -0.24514     -0.29073     -0.33712     -0.24050     -0.15765      0.15623     -0.32513       1.0816      0.35686      0.63888       1.0016      0.88595     0.090536      0.85757      0.50179     -0.21191      0.40616     -0.23398     0.018398      0.20140      -2.2075      -1.4192      -3.5018    -0.045844    0.0013896     0.097979     0.022491    0.0057774     0.016500       1.1631     0.026792    0.0053966     0.018952       1.1238     0.066335     0.010234     0.025266       1.3516      0.00000      0.00000      0.00000      0.00000      0.00000      0.00000      0.82157      0.12254      0.13849      0.83768      0.21550      0.75839


Descriptive statistics for scaled residuals:
Vector Normality test:   Chi^2(8)  =   15.251 [0.0544]  
Vector ARCH 1-1 test:    F(16,104) = 0.077662 [1.0000]  
Vector Portmanteau(36):  Chi^2(528)=   460.41 [0.9844]  

Regime classification based on smoothed probabilities
Regime 0                  months  avg.prob.
    1996(2) - 1996(6)       5       0.988
    1997(2) - 1997(4)       3       0.958
   1998(3) - 1998(10)       8       0.966
  1998(12) - 1998(12)       1       0.587
    1999(3) - 1999(3)       1       0.786
   1999(8) - 1999(10)       3       0.993
    2001(2) - 2001(7)       6       0.997
  2001(10) - 2001(10)       1       0.611
    2003(8) - 2004(7)      12       0.981
   2004(11) - 2005(3)       5       0.971
   2005(11) - 2008(4)      30       0.947
    2010(2) - 2010(2)       1       0.950
    2011(8) - 2011(9)       2       0.813
    2012(3) - 2012(8)       6       0.990
    2013(4) - 2013(8)       5       0.984
  2013(10) - 2013(10)       1       0.810
    2014(1) - 2014(1)       1       0.955
  2014(10) - 2014(12)       3       0.661
    2015(5) - 2015(7)       3       0.986
    2017(4) - 2017(6)       3       0.983
    2017(9) - 2018(9)      13       0.984
    2019(2) - 2019(5)       4       0.979
    2020(1) - 2020(2)       2       0.983
    2021(2) - 2021(3)       2       0.996
  2021(10) - 2021(11)       2       0.994
    2022(5) - 2022(6)       2       0.981
  2023(10) - 2023(10)       1       0.993
  Total: 126 months (37.28%) with average duration of 4.67 months.
Regime 1                  months  avg.prob.
    1996(7) - 1997(1)       7       0.953
    1997(5) - 1998(2)      10       0.935
  1998(11) - 1998(11)       1       0.699
    1999(4) - 1999(7)       4       0.996
   1999(11) - 2001(1)      15       0.995
    2003(5) - 2003(7)       3       0.883
  2004(10) - 2004(10)       1       0.724
   2005(4) - 2005(10)       7       0.960
    2008(5) - 2008(8)       4       0.990
    2009(2) - 2010(1)      12       0.958
    2010(3) - 2011(7)      17       0.993
   2011(10) - 2012(2)       5       0.947
    2012(9) - 2013(3)       7       0.961
  2013(11) - 2013(12)       2       0.969
    2014(2) - 2014(9)       8       0.916
    2015(4) - 2015(4)       1       0.813
    2016(2) - 2017(3)      14       0.991
    2017(7) - 2017(8)       2       0.940
   2018(11) - 2019(1)       3       0.958
   2019(6) - 2019(12)       7       0.989
  2020(11) - 2020(12)       2       0.996
    2021(4) - 2021(9)       6       0.994
   2021(12) - 2022(4)       5       0.989
    2022(9) - 2023(9)      13       0.984
   2023(11) - 2024(3)       5       0.988
  Total: 161 months (47.63%) with average duration of 6.44 months.
Regime 2                  months  avg.prob.
    1999(1) - 1999(2)       2       1.000
    2001(8) - 2001(9)       2       0.924
   2001(11) - 2003(4)      18       0.995
    2004(8) - 2004(9)       2       0.999
    2008(9) - 2009(1)       5       0.999
    2013(9) - 2013(9)       1       0.561
    2015(1) - 2015(3)       3       0.961
    2015(8) - 2016(1)       6       0.910
  2018(10) - 2018(10)       1       1.000
   2020(3) - 2020(10)       8       1.000
    2021(1) - 2021(1)       1       1.000
    2022(7) - 2022(8)       2       0.996
  Total: 51 months (15.09%) with average duration of 4.25 months.

